<?xml version="1.0" encoding="UTF-8"?>
<coverage generated="1492381588">
  <project timestamp="1492381588">
    <file name="/Users/dteruel/Workspace/Tests/TotalVoice/src/Client.php">
      <metrics loc="20" ncloc="9" classes="0" methods="0" coveredmethods="0" conditionals="0" coveredconditionals="0" statements="0" coveredstatements="0" elements="0" coveredelements="0"/>
    </file>
    <package name="Dteruel\Clients">
      <file name="/Users/dteruel/Workspace/Tests/TotalVoice/src/Clients/TotalVoice.php">
        <class name="TotalVoice" namespace="Dteruel\Clients" fullPackage="Dteruel" package="Dteruel">
          <metrics complexity="17" methods="9" coveredmethods="4" conditionals="0" coveredconditionals="0" statements="60" coveredstatements="47" elements="69" coveredelements="51"/>
        </class>
        <line num="40" type="method" name="__construct" visibility="public" complexity="1" crap="1" count="1"/>
        <line num="42" type="stmt" count="1"/>
        <line num="43" type="stmt" count="1"/>
        <line num="51" type="method" name="sendSms" visibility="public" complexity="4" crap="4" count="3"/>
        <line num="53" type="stmt" count="3"/>
        <line num="54" type="stmt" count="1"/>
        <line num="57" type="stmt" count="2"/>
        <line num="58" type="stmt" count="1"/>
        <line num="61" type="stmt" count="1"/>
        <line num="62" type="stmt" count="1"/>
        <line num="63" type="stmt" count="1"/>
        <line num="65" type="stmt" count="1"/>
        <line num="66" type="stmt" count="1"/>
        <line num="78" type="method" name="sendRequest" visibility="private" complexity="2" crap="2.11" count="1"/>
        <line num="80" type="stmt" count="1"/>
        <line num="81" type="stmt" count="1"/>
        <line num="82" type="stmt" count="1"/>
        <line num="84" type="stmt" count="1"/>
        <line num="85" type="stmt" count="0"/>
        <line num="86" type="stmt" count="0"/>
        <line num="87" type="stmt" count="0"/>
        <line num="91" type="stmt" count="1"/>
        <line num="92" type="stmt" count="1"/>
        <line num="94" type="stmt" count="1"/>
        <line num="100" type="method" name="initialize" visibility="private" complexity="2" crap="2.50" count="1"/>
        <line num="102" type="stmt" count="1"/>
        <line num="104" type="stmt" count="1"/>
        <line num="105" type="stmt" count="0"/>
        <line num="106" type="stmt" count="0"/>
        <line num="107" type="stmt" count="0"/>
        <line num="110" type="stmt" count="1"/>
        <line num="116" type="method" name="connect" visibility="private" complexity="2" crap="2.15" count="1"/>
        <line num="118" type="stmt" count="1"/>
        <line num="119" type="stmt" count="1"/>
        <line num="120" type="stmt" count="1"/>
        <line num="121" type="stmt" count="1"/>
        <line num="123" type="stmt" count="1"/>
        <line num="124" type="stmt" count="0"/>
        <line num="125" type="stmt" count="0"/>
        <line num="126" type="stmt" count="0"/>
        <line num="129" type="stmt" count="1"/>
        <line num="137" type="method" name="createPostRequest" visibility="private" complexity="1" crap="1" count="1"/>
        <line num="139" type="stmt" count="1"/>
        <line num="140" type="stmt" count="1"/>
        <line num="141" type="stmt" count="1"/>
        <line num="143" type="stmt" count="1"/>
        <line num="144" type="stmt" count="1"/>
        <line num="145" type="stmt" count="1"/>
        <line num="146" type="stmt" count="1"/>
        <line num="147" type="stmt" count="1"/>
        <line num="148" type="stmt" count="1"/>
        <line num="149" type="stmt" count="1"/>
        <line num="150" type="stmt" count="1"/>
        <line num="151" type="stmt" count="1"/>
        <line num="152" type="stmt" count="1"/>
        <line num="154" type="stmt" count="1"/>
        <line num="160" type="method" name="close" visibility="private" complexity="1" crap="1" count="1"/>
        <line num="162" type="stmt" count="1"/>
        <line num="163" type="stmt" count="1"/>
        <line num="169" type="method" name="canSocketWrite" visibility="private" complexity="2" crap="2.15" count="1"/>
        <line num="171" type="stmt" count="1"/>
        <line num="172" type="stmt" count="0"/>
        <line num="175" type="stmt" count="1"/>
        <line num="182" type="method" name="readResponse" visibility="private" complexity="2" crap="2.86" count="1"/>
        <line num="184" type="stmt" count="1"/>
        <line num="185" type="stmt" count="0"/>
        <line num="186" type="stmt" count="0"/>
        <line num="187" type="stmt" count="0"/>
        <line num="190" type="stmt" count="1"/>
        <metrics loc="192" ncloc="134" classes="1" methods="9" coveredmethods="4" conditionals="0" coveredconditionals="0" statements="60" coveredstatements="47" elements="69" coveredelements="51"/>
      </file>
    </package>
    <package name="Dteruel">
      <file name="/Users/dteruel/Workspace/Tests/TotalVoice/src/HttpConnectionException.php">
        <class name="HttpConnectionException" namespace="Dteruel" fullPackage="Dteruel" package="Dteruel">
          <metrics complexity="0" methods="0" coveredmethods="0" conditionals="0" coveredconditionals="0" statements="0" coveredstatements="0" elements="0" coveredelements="0"/>
        </class>
        <metrics loc="15" ncloc="9" classes="0" methods="0" coveredmethods="0" conditionals="0" coveredconditionals="0" statements="0" coveredstatements="0" elements="0" coveredelements="0"/>
      </file>
    </package>
    <metrics files="3" loc="227" ncloc="152" classes="1" methods="9" coveredmethods="4" conditionals="0" coveredconditionals="0" statements="60" coveredstatements="47" elements="69" coveredelements="51"/>
  </project>
</coverage>
